  CodeForceB.cpp
C:\MINE\Programming\DSA\Assigment1\CodeForceB\CodeForceB\CodeForceB.cpp(100,1): warning C4267: return: преобразование из "size_t" в "int"; возможна потеря данных
C:\MINE\Programming\DSA\Assigment1\CodeForceB\CodeForceB\CodeForceB.cpp(99): message : во время компиляции функции-члена класс шаблон "int HashSet<std::string>::size(void)"
C:\MINE\Programming\DSA\Assigment1\CodeForceB\CodeForceB\CodeForceB.cpp(231): message : выполняется компиляция ссылки на экземпляр шаблон функции "int HashSet<std::string>::size(void)"
C:\MINE\Programming\DSA\Assigment1\CodeForceB\CodeForceB\CodeForceB.cpp(198): message : выполняется компиляция ссылки на экземпляр класс шаблон функции "HashSet<std::string>"
C:\MINE\Programming\DSA\Assigment1\CodeForceB\CodeForceB\CodeForceB.cpp(40,1): warning C4267: инициализация: преобразование из "size_t" в "int"; возможна потеря данных
C:\MINE\Programming\DSA\Assigment1\CodeForceB\CodeForceB\CodeForceB.cpp(36): message : во время компиляции функции-члена класс шаблон "int HashSet<std::string>::hashCode2(T)"
          with
          [
              T=std::string
          ]
C:\MINE\Programming\DSA\Assigment1\CodeForceB\CodeForceB\CodeForceB.cpp(149): message : выполняется компиляция ссылки на экземпляр шаблон функции "int HashSet<std::string>::hashCode2(T)"
          with
          [
              T=std::string
          ]
C:\MINE\Programming\DSA\Assigment1\CodeForceB\CodeForceB\CodeForceB.cpp(42,1): warning C4267: return: преобразование из "size_t" в "int"; возможна потеря данных
C:\MINE\Programming\DSA\Assigment1\CodeForceB\CodeForceB\CodeForceB.cpp(31,1): warning C4267: инициализация: преобразование из "size_t" в "int"; возможна потеря данных
C:\MINE\Programming\DSA\Assigment1\CodeForceB\CodeForceB\CodeForceB.cpp(27): message : во время компиляции функции-члена класс шаблон "int HashSet<std::string>::hashCode1(T)"
          with
          [
              T=std::string
          ]
C:\MINE\Programming\DSA\Assigment1\CodeForceB\CodeForceB\CodeForceB.cpp(148): message : выполняется компиляция ссылки на экземпляр шаблон функции "int HashSet<std::string>::hashCode1(T)"
          with
          [
              T=std::string
          ]
  CodeForceB.vcxproj -> C:\MINE\Programming\DSA\Assigment1\CodeForceB\x64\Debug\CodeForceB.exe
