  CodeForceC.cpp
C:\MINE\Programming\DSA\Assignment1\CodeForceC\CodeForceC\CodeForceC.cpp(424,37): warning C4267: =: преобразование из "size_t" в "int"; возможна потеря данных
C:\MINE\Programming\DSA\Assignment1\CodeForceC\CodeForceC\CodeForceC.cpp(425,38): warning C4267: =: преобразование из "size_t" в "int"; возможна потеря данных
C:\MINE\Programming\DSA\Assignment1\CodeForceC\CodeForceC\CodeForceC.cpp(208,1): warning C4267: return: преобразование из "size_t" в "int"; возможна потеря данных
C:\MINE\Programming\DSA\Assignment1\CodeForceC\CodeForceC\CodeForceC.cpp(207): message : во время компиляции функции-члена класс шаблон "int BoundedStack<HashSet<std::string>>::capacity(void)"
C:\MINE\Programming\DSA\Assignment1\CodeForceC\CodeForceC\CodeForceC.cpp(413): message : выполняется компиляция ссылки на экземпляр класс шаблон функции "BoundedStack<HashSet<std::string>>"
C:\MINE\Programming\DSA\Assignment1\CodeForceC\CodeForceC\CodeForceC.cpp(117,1): warning C4267: return: преобразование из "size_t" в "int"; возможна потеря данных
C:\MINE\Programming\DSA\Assignment1\CodeForceC\CodeForceC\CodeForceC.cpp(116): message : во время компиляции функции-члена класс шаблон "int CircularBoundedQueue<T>::capacity(void)"
          with
          [
              T=HashSet<std::string>
          ]
C:\MINE\Programming\DSA\Assignment1\CodeForceC\CodeForceC\CodeForceC.cpp(204): message : выполняется компиляция ссылки на экземпляр класс шаблон функции "CircularBoundedQueue<T>"
          with
          [
              T=HashSet<std::string>
          ]
C:\MINE\Programming\DSA\Assignment1\CodeForceC\CodeForceC\CodeForceC.cpp(203): message : во время компиляции функции-члена класс шаблон "int BoundedStack<HashSet<std::string>>::size(void)"
C:\MINE\Programming\DSA\Assignment1\CodeForceC\CodeForceC\CodeForceC.cpp(451): message : выполняется компиляция ссылки на экземпляр шаблон функции "int BoundedStack<HashSet<std::string>>::size(void)"
C:\MINE\Programming\DSA\Assignment1\CodeForceC\CodeForceC\CodeForceC.cpp(110,1): warning C4267: return: преобразование из "size_t" в "int"; возможна потеря данных
C:\MINE\Programming\DSA\Assignment1\CodeForceC\CodeForceC\CodeForceC.cpp(106): message : во время компиляции функции-члена класс шаблон "int CircularBoundedQueue<T>::size(void)"
          with
          [
              T=HashSet<std::string>
          ]
C:\MINE\Programming\DSA\Assignment1\CodeForceC\CodeForceC\CodeForceC.cpp(204): message : выполняется компиляция ссылки на экземпляр шаблон функции "int CircularBoundedQueue<T>::size(void)"
          with
          [
              T=HashSet<std::string>
          ]
C:\MINE\Programming\DSA\Assignment1\CodeForceC\CodeForceC\CodeForceC.cpp(349,1): warning C4267: инициализация: преобразование из "size_t" в "int"; возможна потеря данных
C:\MINE\Programming\DSA\Assignment1\CodeForceC\CodeForceC\CodeForceC.cpp(345): message : во время компиляции функции-члена класс шаблон "int HashSet<std::string>::hashCode1(T)"
          with
          [
              T=std::string
          ]
C:\MINE\Programming\DSA\Assignment1\CodeForceC\CodeForceC\CodeForceC.cpp(362): message : выполняется компиляция ссылки на экземпляр шаблон функции "int HashSet<std::string>::hashCode1(T)"
          with
          [
              T=std::string
          ]
C:\MINE\Programming\DSA\Assignment1\CodeForceC\CodeForceC\CodeForceC.cpp(410): message : выполняется компиляция ссылки на экземпляр класс шаблон функции "HashSet<std::string>"
  CodeForceC.vcxproj -> C:\MINE\Programming\DSA\Assignment1\CodeForceC\x64\Debug\CodeForceC.exe
